<?xml version="1.0" encoding="UTF-8"?>
<!-- Generated by org.testng.reporters.JUnitXMLReporter -->
<testsuite ignored="0" hostname="DESKTOP-R5BUPRU" failures="0" tests="5" name="Test" time="32.408" errors="0" timestamp="2022-08-27T01:23:24 IST">
  <testcase classname="test.LoginTest" name="verifyurl" time="0.014"/>
  <testcase classname="test.LoginTest" name="verifytextonpage" time="1.089"/>
  <testcase classname="test.LoginTest" name="runlogin" time="0.302"/>
  <testcase classname="test.PimTest" name="verifytextonpimpage" time="3.453"/>
  <testcase classname="test.PimTest" name="verifycheckboxselection" time="0.141"/>
</testsuite> <!-- Test -->
