<?xml version="1.0" encoding="UTF-8"?>
<testng-results ignored="0" total="2" passed="2" failed="0" skipped="0">
  <reporter-output>
  </reporter-output>
  <suite started-at="2022-08-27T01:24:04 IST" name="Default suite" finished-at="2022-08-27T01:24:16 IST" duration-ms="11427">
    <groups>
    </groups>
    <test started-at="2022-08-27T01:24:04 IST" name="Default test" finished-at="2022-08-27T01:24:16 IST" duration-ms="11427">
      <class name="test.PimTest">
        <test-method is-config="true" signature="browserlaunch()[pri:0, instance:test.PimTest@64cd705f]" started-at="2022-08-27T01:24:04 IST" name="browserlaunch" finished-at="2022-08-27T01:24:12 IST" duration-ms="7491" status="PASS">
          <reporter-output>
          </reporter-output>
        </test-method> <!-- browserlaunch -->
        <test-method is-config="true" signature="pageObjects()[pri:0, instance:test.PimTest@64cd705f]" started-at="2022-08-27T01:24:12 IST" name="pageObjects" finished-at="2022-08-27T01:24:12 IST" duration-ms="29" status="PASS">
          <reporter-output>
          </reporter-output>
        </test-method> <!-- pageObjects -->
        <test-method is-config="true" signature="launching()[pri:0, instance:test.PimTest@64cd705f]" started-at="2022-08-27T01:24:12 IST" name="launching" finished-at="2022-08-27T01:24:13 IST" duration-ms="708" status="PASS">
          <reporter-output>
          </reporter-output>
        </test-method> <!-- launching -->
        <test-method signature="verifytextonpimpage()[pri:4, instance:test.PimTest@64cd705f]" started-at="2022-08-27T01:24:13 IST" name="verifytextonpimpage" finished-at="2022-08-27T01:24:16 IST" duration-ms="2978" status="PASS">
          <reporter-output>
          </reporter-output>
        </test-method> <!-- verifytextonpimpage -->
        <test-method signature="verifycheckboxselection()[pri:5, instance:test.PimTest@64cd705f]" started-at="2022-08-27T01:24:16 IST" name="verifycheckboxselection" finished-at="2022-08-27T01:24:16 IST" duration-ms="150" status="PASS">
          <reporter-output>
          </reporter-output>
        </test-method> <!-- verifycheckboxselection -->
      </class> <!-- test.PimTest -->
    </test> <!-- Default test -->
  </suite> <!-- Default suite -->
</testng-results>
